[23:41:52] [Server thread/INFO]: Starting minecraft server version 1.8.8
[23:41:52] [Server thread/INFO]: Loading properties
[23:41:52] [Server thread/INFO]: Default game type: SURVIVAL
[23:41:52] [Server thread/INFO]: This server is running CraftBukkit version git-PaperSpigot-445 (MC: 1.8.8) (Implementing API version 1.8.8-R0.1-SNAPSHOT)
[23:41:53] [Server thread/INFO]: Debug logging is disabled
[23:41:53] [Server thread/INFO]: Spigot Timings: true - Verbose: true - Interval: 5m - Length: 60m
[23:41:53] [Server thread/INFO]: Server Ping Player Sample Count: 12

[23:41:53] [Server thread/INFO]: Using 4 threads for Netty based IO
[23:41:53] [Server thread/INFO]: Data value allowed items: 
[23:41:53] [Server thread/WARN]: java.lang.NoSuchFieldException: modifiers

[23:41:53] [Server thread/WARN]: 	at java.base/java.lang.Class.getDeclaredField(Class.java:2782)

[23:41:53] [Server thread/WARN]: 	at org.github.paperspigot.PaperSpigotConfig.stackableBuckets(PaperSpigotConfig.java:192)

[23:41:53] [Server thread/WARN]: 	at java.base/jdk.internal.reflect.DirectMethodHandleAccessor.invoke(DirectMethodHandleAccessor.java:103)

[23:41:53] [Server thread/WARN]: 	at java.base/java.lang.reflect.Method.invoke(Method.java:580)

[23:41:53] [Server thread/WARN]: 	at org.github.paperspigot.PaperSpigotConfig.readConfig(PaperSpigotConfig.java:84)

[23:41:53] [Server thread/WARN]: 	at org.github.paperspigot.PaperSpigotConfig.init(PaperSpigotConfig.java:62)

[23:41:53] [Server thread/WARN]: 	at net.minecraft.server.v1_8_R3.DedicatedServer.init(DedicatedServer.java:181)

[23:41:53] [Server thread/WARN]: 	at net.minecraft.server.v1_8_R3.MinecraftServer.run(MinecraftServer.java:563)

[23:41:53] [Server thread/WARN]: 	at java.base/java.lang.Thread.run(Thread.java:1583)

[23:41:53] [Server thread/INFO]: Generating keypair
[23:41:53] [Server thread/INFO]: Starting Minecraft server on localhost:25565
[23:41:53] [Server thread/INFO]: Your platform does not provide complete low-level API for accessing direct buffers reliably. Unless explicitly requested, heap buffer will always be preferred to avoid potential system unstability.
[23:41:53] [Server thread/INFO]: Using default channel type
[23:41:53] [Server thread/ERROR]: Could not load 'plugins/GriefPrevention.jar' in folder 'plugins'
org.bukkit.plugin.InvalidDescriptionException: Invalid plugin.yml
	at org.bukkit.plugin.java.JavaPluginLoader.getPluginDescription(JavaPluginLoader.java:160) ~[patched_1.8.8.jar:git-PaperSpigot-445]
	at org.bukkit.plugin.SimplePluginManager.loadPlugins(SimplePluginManager.java:136) ~[patched_1.8.8.jar:git-PaperSpigot-445]
	at org.bukkit.craftbukkit.v1_8_R3.CraftServer.loadPlugins(CraftServer.java:293) ~[patched_1.8.8.jar:git-PaperSpigot-445]
	at net.minecraft.server.v1_8_R3.DedicatedServer.init(DedicatedServer.java:202) ~[patched_1.8.8.jar:git-PaperSpigot-445]
	at net.minecraft.server.v1_8_R3.MinecraftServer.run(MinecraftServer.java:563) ~[patched_1.8.8.jar:git-PaperSpigot-445]
	at java.lang.Thread.run(Thread.java:1583) [?:?]
Caused by: java.util.zip.ZipException: zip END header not found
	at java.util.zip.ZipFile$Source.findEND(ZipFile.java:1649) ~[?:?]
	at java.util.zip.ZipFile$Source.initCEN(ZipFile.java:1657) ~[?:?]
	at java.util.zip.ZipFile$Source.<init>(ZipFile.java:1495) ~[?:?]
	at java.util.zip.ZipFile$Source.get(ZipFile.java:1458) ~[?:?]
	at java.util.zip.ZipFile$CleanableResource.<init>(ZipFile.java:724) ~[?:?]
	at java.util.zip.ZipFile.<init>(ZipFile.java:251) ~[?:?]
	at java.util.zip.ZipFile.<init>(ZipFile.java:180) ~[?:?]
	at java.util.jar.JarFile.<init>(JarFile.java:345) ~[?:?]
	at java.util.jar.JarFile.<init>(JarFile.java:316) ~[?:?]
	at java.util.jar.JarFile.<init>(JarFile.java:282) ~[?:?]
	at org.bukkit.plugin.java.JavaPluginLoader.getPluginDescription(JavaPluginLoader.java:148) ~[patched_1.8.8.jar:git-PaperSpigot-445]
	... 5 more
[23:41:53] [Server thread/INFO]: Set PluginClassLoader as parallel capable
[23:41:53] [Server thread/INFO]: [SimpleTpa] Loading SimpleTpa v6.4
[23:41:53] [Server thread/INFO]: [LuckPerms] Loading LuckPerms v5.4.121
[23:41:54] [Server thread/INFO]: [WorldEdit] Loading WorldEdit v6.1;no_git_id
[23:41:54] [Server thread/INFO]: [PluginConstructorAPI] Loading PluginConstructorAPI v1.0.50
[23:41:54] [Server thread/INFO]: [SeePlayerInventory] Loading SeePlayerInventory v1.9
[23:41:54] [Server thread/INFO]: [LoginSecurity] Loading LoginSecurity v3.2.0
[23:41:54] [Server thread/INFO]: [GrimAC] Loading GrimAC v2.3.59
[23:41:54] [Server thread/INFO]: [GrimAC] Loading PacketEvents...
[23:41:54] [Server thread/INFO]: [LandClaiming] Loading LandClaiming v1.4.11
[23:41:54] [Server thread/INFO]: [ClearLag] Loading ClearLag v3.2.2
[23:41:54] [Server thread/INFO]: [SimpleHomes] Loading SimpleHomes v2.2
[23:41:54] [Server thread/INFO]: [CS-CoreLib] Loading CS-CoreLib v1.6.2
[23:41:54] [Server thread/INFO]: [SuperVanish] Loading SuperVanish v6.2.18
[23:41:54] [Server thread/INFO]: [ChatColor] Loading ChatColor v1.8
[23:41:54] [Server thread/INFO]: [Slimefun] Loading Slimefun vv4.1.15
[23:41:54] [Server thread/INFO]: [LuckPerms] Enabling LuckPerms v5.4.121
[23:41:54] [Server thread/INFO]: [0;36;1m       [0;36;22m __    [m

[23:41:54] [Server thread/INFO]: [0;36;1m  |    [0;36;22m|__)   [0;32;22mLuckPerms[m [0;36;1mv5.4.121[m

[23:41:54] [Server thread/INFO]: [0;36;1m  |___ [0;36;22m|      [0;30;1mRunning on Bukkit - CraftBukkit[m

[23:41:54] [Server thread/INFO]: [m

[23:41:54] [Server thread/INFO]: [LuckPerms] Loading configuration...
[23:41:55] [Server thread/INFO]: [LuckPerms] Loading storage provider... [H2]
[23:41:55] [Server thread/INFO]: [LuckPerms] Loading internal permission managers...
[23:41:55] [Server thread/INFO]: [LuckPerms] Performing initial data load...
[23:41:56] [Server thread/INFO]: [LuckPerms] Successfully enabled. (took 1674ms)
[23:41:56] [Server thread/WARN]: **** SERVER IS RUNNING IN OFFLINE/INSECURE MODE!
[23:41:56] [Server thread/WARN]: The server will make no attempt to authenticate usernames. Beware.
[23:41:56] [Server thread/WARN]: Whilst this makes it possible to use BungeeCord, unless access to your server is properly restricted, it also opens up the ability for hackers to connect with any username they choose.
[23:41:56] [Server thread/WARN]: Please see http://www.spigotmc.org/wiki/firewall-guide/ for further information.
[23:41:56] [Server thread/WARN]: To change this, set "online-mode" to "true" in the server.properties file.
[23:41:56] [Server thread/INFO]: **** Beginning UUID conversion, this may take A LONG time ****
[23:41:56] [Server thread/INFO]: Preparing level "world"
[23:41:56] [Server thread/INFO]: -------- World Settings For [world] --------
[23:41:56] [Server thread/INFO]: Anti X-Ray: true
[23:41:56] [Server thread/INFO]: 	Engine Mode: 1
[23:41:56] [Server thread/INFO]: 	Hidden Blocks: [14, 15, 16, 21, 48, 49, 54, 56, 73, 74, 82, 129, 130]
[23:41:56] [Server thread/INFO]: 	Replace Blocks: [1, 5]
[23:41:56] [Server thread/INFO]: Nerfing mobs spawned from spawners: false
[23:41:56] [Server thread/INFO]: Cactus Growth Modifier: 100%
[23:41:56] [Server thread/INFO]: Cane Growth Modifier: 100%
[23:41:56] [Server thread/INFO]: Melon Growth Modifier: 100%
[23:41:56] [Server thread/INFO]: Mushroom Growth Modifier: 100%
[23:41:56] [Server thread/INFO]: Pumpkin Growth Modifier: 100%
[23:41:56] [Server thread/INFO]: Sapling Growth Modifier: 100%
[23:41:56] [Server thread/INFO]: Wheat Growth Modifier: 100%
[23:41:56] [Server thread/INFO]: NetherWart Growth Modifier: 100%
[23:41:56] [Server thread/INFO]: Mob Spawn Range: 4
[23:41:56] [Server thread/INFO]: Entity Activation Range: An 32 / Mo 32 / Mi 16
[23:41:56] [Server thread/INFO]: Entity Tracking Range: Pl 48 / An 48 / Mo 48 / Mi 32 / Other 64
[23:41:56] [Server thread/INFO]: Hopper Transfer: 8 Hopper Check: 8 Hopper Amount: 1
[23:41:56] [Server thread/INFO]: Random Lighting Updates: false
[23:41:56] [Server thread/INFO]: Structure Info Saving: true
[23:41:56] [Server thread/INFO]: Sending up to 10 chunks per packet
[23:41:56] [Server thread/INFO]: Max Entity Collisions: 8
[23:41:56] [Server thread/INFO]: Custom Map Seeds:  Village: 10387312 Feature: 14357617
[23:41:56] [Server thread/INFO]: Max TNT Explosions: 100
[23:41:56] [Server thread/INFO]: Tile Max Tick Time: 50ms Entity max Tick Time: 50ms
[23:41:56] [Server thread/INFO]: Item Despawn Rate: 6000
[23:41:56] [Server thread/INFO]: Item Merge Radius: 2.5
[23:41:56] [Server thread/INFO]: Arrow Despawn Rate: 1200
[23:41:56] [Server thread/INFO]: View Distance: 4
[23:41:56] [Server thread/INFO]: Allow Zombie Pigmen to spawn from portal blocks: true
[23:41:56] [Server thread/INFO]: Zombie Aggressive Towards Villager: true
[23:41:56] [Server thread/INFO]: Chunks to Grow per Tick: 650
[23:41:56] [Server thread/INFO]: Clear tick list: false
[23:41:56] [Server thread/INFO]: Experience Merge Radius: 3.0
[23:41:56] [Server thread/INFO]: -------- World Settings For [world] --------
[23:41:56] [Server thread/INFO]: Remove invalid mob spawner tile entities: true
[23:41:56] [Server thread/INFO]: Player blocking damage multiplier set to 0.5
[23:41:56] [Server thread/INFO]: Squids will spawn between Y: 45.0 and Y: 63.0
[23:41:56] [Server thread/INFO]: Max height for cactus growth 3. Max height for reed growth 3
[23:41:56] [Server thread/INFO]: Living Entity Despawn Ranges:  Soft: 32 Hard: 128
[23:41:56] [Server thread/INFO]: Fix TNT cannons: false
[23:41:56] [Server thread/INFO]: Water over lava flow speed: 5
[23:41:56] [Server thread/INFO]: Allow undead horse types to be leashed: false
[23:41:56] [Server thread/INFO]: Keep spawn chunk loaded: true
[23:41:56] [Server thread/INFO]: World async lighting: false
[23:41:56] [Server thread/INFO]: WorldServer TickNextTick cap set at 10000
[23:41:56] [Server thread/INFO]: WorldServer TickNextTickList cap always processes redstone: false
[23:41:56] [Server thread/INFO]: -------- World Settings For [world_nether] --------
[23:41:56] [Server thread/INFO]: Anti X-Ray: true
[23:41:56] [Server thread/INFO]: 	Engine Mode: 1
[23:41:56] [Server thread/INFO]: 	Hidden Blocks: [14, 15, 16, 21, 48, 49, 54, 56, 73, 74, 82, 129, 130]
[23:41:56] [Server thread/INFO]: 	Replace Blocks: [1, 5]
[23:41:56] [Server thread/INFO]: Nerfing mobs spawned from spawners: false
[23:41:56] [Server thread/INFO]: Cactus Growth Modifier: 100%
[23:41:56] [Server thread/INFO]: Cane Growth Modifier: 100%
[23:41:56] [Server thread/INFO]: Melon Growth Modifier: 100%
[23:41:56] [Server thread/INFO]: Mushroom Growth Modifier: 100%
[23:41:56] [Server thread/INFO]: Pumpkin Growth Modifier: 100%
[23:41:56] [Server thread/INFO]: Sapling Growth Modifier: 100%
[23:41:56] [Server thread/INFO]: Wheat Growth Modifier: 100%
[23:41:56] [Server thread/INFO]: NetherWart Growth Modifier: 100%
[23:41:56] [Server thread/INFO]: Mob Spawn Range: 4
[23:41:56] [Server thread/INFO]: Entity Activation Range: An 32 / Mo 32 / Mi 16
[23:41:56] [Server thread/INFO]: Entity Tracking Range: Pl 48 / An 48 / Mo 48 / Mi 32 / Other 64
[23:41:56] [Server thread/INFO]: Hopper Transfer: 8 Hopper Check: 8 Hopper Amount: 1
[23:41:56] [Server thread/INFO]: Random Lighting Updates: false
[23:41:56] [Server thread/INFO]: Structure Info Saving: true
[23:41:56] [Server thread/INFO]: Sending up to 10 chunks per packet
[23:41:56] [Server thread/INFO]: Max Entity Collisions: 8
[23:41:56] [Server thread/INFO]: Custom Map Seeds:  Village: 10387312 Feature: 14357617
[23:41:56] [Server thread/INFO]: Max TNT Explosions: 100
[23:41:56] [Server thread/INFO]: Tile Max Tick Time: 50ms Entity max Tick Time: 50ms
[23:41:56] [Server thread/INFO]: Item Despawn Rate: 6000
[23:41:56] [Server thread/INFO]: Item Merge Radius: 2.5
[23:41:56] [Server thread/INFO]: Arrow Despawn Rate: 1200
[23:41:56] [Server thread/INFO]: View Distance: 4
[23:41:56] [Server thread/INFO]: Allow Zombie Pigmen to spawn from portal blocks: true
[23:41:56] [Server thread/INFO]: Zombie Aggressive Towards Villager: true
[23:41:56] [Server thread/INFO]: Chunks to Grow per Tick: 650
[23:41:56] [Server thread/INFO]: Clear tick list: false
[23:41:56] [Server thread/INFO]: Experience Merge Radius: 3.0
[23:41:56] [Server thread/INFO]: -------- World Settings For [world_nether] --------
[23:41:56] [Server thread/INFO]: Remove invalid mob spawner tile entities: true
[23:41:56] [Server thread/INFO]: Player blocking damage multiplier set to 0.5
[23:41:56] [Server thread/INFO]: Squids will spawn between Y: 45.0 and Y: 63.0
[23:41:56] [Server thread/INFO]: Max height for cactus growth 3. Max height for reed growth 3
[23:41:56] [Server thread/INFO]: Living Entity Despawn Ranges:  Soft: 32 Hard: 128
[23:41:56] [Server thread/INFO]: Fix TNT cannons: false
[23:41:56] [Server thread/INFO]: Water over lava flow speed: 5
[23:41:56] [Server thread/INFO]: Allow undead horse types to be leashed: false
[23:41:56] [Server thread/INFO]: Keep spawn chunk loaded: true
[23:41:56] [Server thread/INFO]: World async lighting: false
[23:41:56] [Server thread/INFO]: WorldServer TickNextTick cap set at 10000
[23:41:56] [Server thread/INFO]: WorldServer TickNextTickList cap always processes redstone: false
[23:41:56] [Server thread/INFO]: -------- World Settings For [world_the_end] --------
[23:41:56] [Server thread/INFO]: Anti X-Ray: true
[23:41:56] [Server thread/INFO]: 	Engine Mode: 1
[23:41:56] [Server thread/INFO]: 	Hidden Blocks: [14, 15, 16, 21, 48, 49, 54, 56, 73, 74, 82, 129, 130]
[23:41:56] [Server thread/INFO]: 	Replace Blocks: [1, 5]
[23:41:56] [Server thread/INFO]: Nerfing mobs spawned from spawners: false
[23:41:56] [Server thread/INFO]: Cactus Growth Modifier: 100%
[23:41:56] [Server thread/INFO]: Cane Growth Modifier: 100%
[23:41:56] [Server thread/INFO]: Melon Growth Modifier: 100%
[23:41:56] [Server thread/INFO]: Mushroom Growth Modifier: 100%
[23:41:56] [Server thread/INFO]: Pumpkin Growth Modifier: 100%
[23:41:56] [Server thread/INFO]: Sapling Growth Modifier: 100%
[23:41:56] [Server thread/INFO]: Wheat Growth Modifier: 100%
[23:41:56] [Server thread/INFO]: NetherWart Growth Modifier: 100%
[23:41:56] [Server thread/INFO]: Mob Spawn Range: 4
[23:41:56] [Server thread/INFO]: Entity Activation Range: An 32 / Mo 32 / Mi 16
[23:41:56] [Server thread/INFO]: Entity Tracking Range: Pl 48 / An 48 / Mo 48 / Mi 32 / Other 64
[23:41:56] [Server thread/INFO]: Hopper Transfer: 8 Hopper Check: 8 Hopper Amount: 1
[23:41:56] [Server thread/INFO]: Random Lighting Updates: false
[23:41:56] [Server thread/INFO]: Structure Info Saving: true
[23:41:56] [Server thread/INFO]: Sending up to 10 chunks per packet
[23:41:56] [Server thread/INFO]: Max Entity Collisions: 8
[23:41:56] [Server thread/INFO]: Custom Map Seeds:  Village: 10387312 Feature: 14357617
[23:41:56] [Server thread/INFO]: Max TNT Explosions: 100
[23:41:56] [Server thread/INFO]: Tile Max Tick Time: 50ms Entity max Tick Time: 50ms
[23:41:56] [Server thread/INFO]: Item Despawn Rate: 6000
[23:41:56] [Server thread/INFO]: Item Merge Radius: 2.5
[23:41:56] [Server thread/INFO]: Arrow Despawn Rate: 1200
[23:41:56] [Server thread/INFO]: View Distance: 4
[23:41:56] [Server thread/INFO]: Allow Zombie Pigmen to spawn from portal blocks: true
[23:41:56] [Server thread/INFO]: Zombie Aggressive Towards Villager: true
[23:41:56] [Server thread/INFO]: Chunks to Grow per Tick: 650
[23:41:56] [Server thread/INFO]: Clear tick list: false
[23:41:56] [Server thread/INFO]: Experience Merge Radius: 3.0
[23:41:56] [Server thread/INFO]: -------- World Settings For [world_the_end] --------
[23:41:56] [Server thread/INFO]: Remove invalid mob spawner tile entities: true
[23:41:56] [Server thread/INFO]: Player blocking damage multiplier set to 0.5
[23:41:56] [Server thread/INFO]: Squids will spawn between Y: 45.0 and Y: 63.0
[23:41:56] [Server thread/INFO]: Max height for cactus growth 3. Max height for reed growth 3
[23:41:56] [Server thread/INFO]: Living Entity Despawn Ranges:  Soft: 32 Hard: 128
[23:41:56] [Server thread/INFO]: Fix TNT cannons: false
[23:41:56] [Server thread/INFO]: Water over lava flow speed: 5
[23:41:56] [Server thread/INFO]: Allow undead horse types to be leashed: false
[23:41:56] [Server thread/INFO]: Keep spawn chunk loaded: true
[23:41:56] [Server thread/INFO]: World async lighting: false
[23:41:56] [Server thread/INFO]: WorldServer TickNextTick cap set at 10000
[23:41:56] [Server thread/INFO]: WorldServer TickNextTickList cap always processes redstone: false
[23:41:56] [Server thread/INFO]: Preparing start region for level 0 (Seed: -2115237618971391858)
[23:41:57] [Server thread/INFO]: Preparing spawn area: 31%
[23:41:58] [Server thread/INFO]: Preparing start region for level 1 (Seed: -2115237618971391858)
[23:41:59] [Server thread/INFO]: Preparing spawn area: 81%
[23:41:59] [Server thread/INFO]: Preparing start region for level 2 (Seed: -2115237618971391858)
[23:41:59] [Server thread/INFO]: [SimpleTpa] Enabling SimpleTpa v6.4
[23:41:59] [Server thread/INFO]: [0;33;1m[21m[SimpleTpa] If you need support contact me at https://discord.gg/SZUkza9[m

[23:41:59] [Server thread/INFO]: [0;33;1m[21m[SimpleTpa] Simple Tpa has been enabled on version 6.4[m

[23:41:59] [Server thread/INFO]: Enabled metrics. You may opt-out by changing plugins/bStats/config.yml
[23:41:59] [Server thread/INFO]: [WorldEdit] Enabling WorldEdit v6.1;no_git_id
[23:42:00] [Server thread/INFO]: WEPIF: Using the Bukkit Permissions API.
[23:42:00] [Server thread/INFO]: [WorldEdit] Using com.sk89q.worldedit.bukkit.adapter.impl.Spigot_v1_8_R3 as the Bukkit adapter
[23:42:00] [Server thread/INFO]: [PluginConstructorAPI] Enabling PluginConstructorAPI v1.0.50
[23:42:00] [Server thread/INFO]: [SeePlayerInventory] Enabling SeePlayerInventory v1.9
[23:42:00] [Server thread/INFO]: [36m[SeePlayerInventory] [32mSeePlayerInventory Enabled.[0m
[23:42:00] [Server thread/INFO]: [36m[SeePlayerInventory] [32mPlugin by [33m[peti446][0m
[23:42:00] [Server thread/INFO]: [36m[SeePlayerInventory] [32mVersion: [33m1.9[0m
[23:42:00] [Server thread/INFO]: [36m[SeePlayerInventory] [32mChecking for updates.............[0m
[23:42:00] [Server thread/INFO]: [36m[SeePlayerInventory] [32mChecking for updates................[0m
[23:42:00] [Server thread/WARN]: [36m[SeePlayerInventory] [31mThere is a new version available![0m
[23:42:00] [Server thread/WARN]: [36m[SeePlayerInventory] [31mYour can get it from: [34mhttps://files.forgecdn.net/files/3187/924/SeePlayerInventory-2.7.2.jar[0m
[23:42:00] [Server thread/INFO]: [LoginSecurity] Enabling LoginSecurity v3.2.0
[23:42:00] [Server thread/INFO]: [LoginSecurity] Loading base translations from "en_us"
[23:42:00] [Server thread/INFO]: [LoginSecurity] Loading specified translations from "en_us"
[23:42:00] [Server thread/INFO]: [LoginSecurity] Registering commands...
[23:42:00] [Server thread/INFO]: [LoginSecurity] Registering listeners...
[23:42:00] [Server thread/INFO]: [GrimAC] Enabling GrimAC v2.3.59
[23:42:00] [Server thread/INFO]: [GrimAC] Registering singular bukkit event... (PistonEvent)
[23:42:00] [Server thread/INFO]: [GrimAC] Registering packets...
[23:42:00] [Server thread/INFO]: [GrimAC] Registering an outgoing plugin channel...
[23:42:00] [Server thread/INFO]: [GrimAC] Registering tick schedulers...
[23:42:01] [Server thread/INFO]: [LandClaiming] Enabling LandClaiming v1.4.11
[23:42:01] [Server thread/INFO]: [ClearLag] Enabling ClearLag v3.2.2
[23:42:01] [Server thread/INFO]: [ClearLag] Using version-adapter: LegacyVersionAdapter
[23:42:01] [Server thread/INFO]: [ClearLag] Loading modules...
[23:42:01] [Server thread/INFO]: [ClearLag] Modules enabed, loading config values
[23:42:01] [Server thread/INFO]: [ClearLag] Modules have been loaded!
[23:42:01] [Server thread/INFO]: [ClearLag] Clearlag is now enabled!
[23:42:01] [Server thread/INFO]: [SimpleHomes] Enabling SimpleHomes v2.2
[23:42:01] [Thread-8/INFO]: [ClearLag] Checking for updates compatible with your bukkit version [1.8]...
[23:42:01] [Server thread/INFO]: [CS-CoreLib] Enabling CS-CoreLib v1.6.2
[23:42:01] [Thread-8/INFO]: [ClearLag] No updates found!
[23:42:01] [Server thread/INFO]: [SuperVanish] Enabling SuperVanish v6.2.18
[23:42:01] [Server thread/INFO]: [SuperVanish] Please install ProtocolLib to be able to use all SuperVanish features: https://www.spigotmc.org/resources/protocollib.1997/
[23:42:01] [Server thread/INFO]: [ChatColor] Enabling ChatColor v1.8
[23:42:01] [Server thread/INFO]: [0;35;22m[[0;33;22mChat[0;32;1mC[0;36;1mo[0;31;1ml[0;35;1mo[0;33;1mr[0;35;22m] [0;36;1mThank you for using [0;33;22mChat[0;32;1mC[0;36;1mo[0;31;1ml[0;35;1mo[0;33;1mr [0;36;1mby [0;31;1mSulphate![m

[23:42:01] [Server thread/INFO]: [0;35;22m[[0;33;22mChat[0;32;1mC[0;36;1mo[0;31;1ml[0;35;1mo[0;33;1mr[0;35;22m] [0;33;1m>> [0;36;1mThe current version is: [0;35;1m1.8 - Modifier Perms Update![m

[23:42:01] [Server thread/INFO]: [0;35;22m[[0;33;22mChat[0;32;1mC[0;36;1mo[0;31;1ml[0;35;1mo[0;33;1mr[0;35;22m] [0;33;1m>> [0;33;22mChat[0;32;1mC[0;36;1mo[0;31;1ml[0;35;1mo[0;33;1mr [0;36;1mhas been [0;32;1menabled[0;36;1m![m

[23:42:01] [Server thread/INFO]: [Slimefun] Enabling Slimefun vv4.1.15
[23:42:01] [Server thread/WARN]: ### Slimefun failed to load!

[23:42:01] [Server thread/WARN]: ###

[23:42:01] [Server thread/WARN]: ### You are using the wrong Version of Minecraft!!!

[23:42:01] [Server thread/WARN]: ###

[23:42:01] [Server thread/WARN]: ### You are using Minecraft v1_8_R3

[23:42:01] [Server thread/WARN]: ### but Slimefun vv4.1.15 requires you to be using

[23:42:01] [Server thread/WARN]: ### Minecraft 1.9.X, 1.10.X, 1.11.X or 1.12.X

[23:42:01] [Server thread/WARN]: ###

[23:42:01] [Server thread/WARN]: ### Please use an older Version of Slimefun and disable auto-updating

[23:42:01] [Server thread/WARN]: ### or consider updating your Server Software.

[23:42:01] [Server thread/INFO]: [Slimefun] Disabling Slimefun vv4.1.15
[23:42:01] [Server thread/ERROR]: Error occurred while disabling Slimefun vv4.1.15 (Is it up to date?)
java.lang.NullPointerException: Cannot assign field "HALTED" because "me.mrCookieSlime.Slimefun.SlimefunStartup.ticker" is null
	at me.mrCookieSlime.Slimefun.SlimefunStartup.onDisable(SlimefunStartup.java:404) ~[?:?]
	at org.bukkit.plugin.java.JavaPlugin.setEnabled(JavaPlugin.java:323) ~[patched_1.8.8.jar:git-PaperSpigot-445]
	at org.bukkit.plugin.java.JavaPluginLoader.disablePlugin(JavaPluginLoader.java:360) ~[patched_1.8.8.jar:git-PaperSpigot-445]
	at org.bukkit.plugin.SimplePluginManager.disablePlugin(SimplePluginManager.java:427) ~[patched_1.8.8.jar:git-PaperSpigot-445]
	at me.mrCookieSlime.Slimefun.SlimefunStartup.onEnable(SlimefunStartup.java:124) ~[?:?]
	at org.bukkit.plugin.java.JavaPlugin.setEnabled(JavaPlugin.java:321) ~[patched_1.8.8.jar:git-PaperSpigot-445]
	at org.bukkit.plugin.java.JavaPluginLoader.enablePlugin(JavaPluginLoader.java:332) ~[patched_1.8.8.jar:git-PaperSpigot-445]
	at org.bukkit.plugin.SimplePluginManager.enablePlugin(SimplePluginManager.java:407) ~[patched_1.8.8.jar:git-PaperSpigot-445]
	at org.bukkit.craftbukkit.v1_8_R3.CraftServer.loadPlugin(CraftServer.java:359) ~[patched_1.8.8.jar:git-PaperSpigot-445]
	at org.bukkit.craftbukkit.v1_8_R3.CraftServer.enablePlugins(CraftServer.java:318) ~[patched_1.8.8.jar:git-PaperSpigot-445]
	at net.minecraft.server.v1_8_R3.MinecraftServer.s(MinecraftServer.java:408) ~[patched_1.8.8.jar:git-PaperSpigot-445]
	at net.minecraft.server.v1_8_R3.MinecraftServer.k(MinecraftServer.java:372) ~[patched_1.8.8.jar:git-PaperSpigot-445]
	at net.minecraft.server.v1_8_R3.MinecraftServer.a(MinecraftServer.java:327) ~[patched_1.8.8.jar:git-PaperSpigot-445]
	at net.minecraft.server.v1_8_R3.DedicatedServer.init(DedicatedServer.java:267) ~[patched_1.8.8.jar:git-PaperSpigot-445]
	at net.minecraft.server.v1_8_R3.MinecraftServer.run(MinecraftServer.java:563) ~[patched_1.8.8.jar:git-PaperSpigot-445]
	at java.lang.Thread.run(Thread.java:1583) [?:?]
[23:42:01] [Server thread/INFO]: Server permissions file permissions.yml is empty, ignoring it
[23:42:01] [Server thread/INFO]: Done (5.205s)! For help, type "help" or "?"
[23:42:01] [Server thread/INFO]: Timings Reset
[23:42:01] [Server thread/INFO]: [CS-CoreLib2 - Protection] Loading Protection Modules...
[23:42:01] [Server thread/INFO]: [CS-CoreLib2 - Protection] This may happen more than once.
[23:42:01] [Craft Scheduler Thread - 0/INFO]: [0;31;1m[21m[SimpleTpa] There is a new update available.[m

[23:42:01] [Craft Scheduler Thread - 0/INFO]: [0;31;1m[SimpleTpa] There is a new update available:[m

[23:42:01] [Craft Scheduler Thread - 0/INFO]: [0;31;1m[SimpleTpa] https://www.spigotmc.org/resources/simple-tpa.64270/[m

[23:42:01] [Craft Scheduler Thread - 2/INFO]: [0;32;1mFound a new version of [0;33;22mPluginConstructorAPI: [0;37;1mv1.1.53[0;35;1m downloading now!![m

[23:42:01] [Thread-9/INFO]: [CS-CoreLib - Updater] CS-CoreLib is up to date!

[23:42:13] [Thread-10/INFO]: UUID of player Invincible_Atlas is f8d2b7df-92b8-33a1-96fe-d128da3049e3
[23:42:13] [Server thread/INFO]: Invincible_Atlas[/[0:0:0:0:0:0:0:1]:36186] logged in with entity id 76 at ([world]357.82480774673684, 69.5, 271.8449822607798)
[23:42:30] [Server thread/INFO]: [@: Set Invincible_Atlas's spawn point to (356, 70, 2672)]
[23:42:48] [Thread-11/INFO]: UUID of player YeeishYee364 is 3db41450-ccaa-39af-9694-c702e2029fcf
[23:42:48] [Server thread/INFO]: YeeishYee364[/[0:0:0:0:0:0:0:1]:49000] logged in with entity id 120 at ([world]363.5, 69.0, 263.5)
[23:43:09] [Server thread/INFO]: [@: Set YeeishYee364's spawn point to (356, 70, 2672)]
[23:43:26] [Server thread/INFO]: YeeishYee364 lost connection: Disconnected
[23:43:26] [Server thread/INFO]: YeeishYee364 left the game.
[23:43:54] [Server thread/INFO]: [@: Set Invincible_Atlas's spawn point to (356, 70, 2672)]
[23:44:29] [Server thread/INFO]: Invincible_Atlas lost connection: Disconnected
[23:44:29] [Server thread/INFO]: Invincible_Atlas left the game.
[23:44:35] [Thread-2/INFO]: Stopping server
[23:44:35] [Thread-2/INFO]: [ChatColor] Disabling ChatColor v1.8
