[13:55:03] [main/INFO]: Using mbed TLS based native cipher.
[13:55:03] [main/INFO]: Using zlib based native compressor.
[13:55:03] [main/INFO]: Enabled Waterfall version git:Waterfall-Bootstrap:1.19-R0.1-SNAPSHOT:f6069e2:513
[13:55:03] [main/INFO]: Not on Windows, attempting to use enhanced EpollEventLoop
[13:55:03] [main/INFO]: Epoll is working, utilising it!
[13:55:03] [main/INFO]: Discovered module: ModuleSpec(name=cmd_alert, file=modules/cmd_alert.jar, provider=JenkinsModuleSource())
[13:55:03] [main/INFO]: Discovered module: ModuleSpec(name=cmd_find, file=modules/cmd_find.jar, provider=JenkinsModuleSource())
[13:55:03] [main/INFO]: Discovered module: ModuleSpec(name=cmd_list, file=modules/cmd_list.jar, provider=JenkinsModuleSource())
[13:55:03] [main/INFO]: Discovered module: ModuleSpec(name=cmd_send, file=modules/cmd_send.jar, provider=JenkinsModuleSource())
[13:55:03] [main/INFO]: Discovered module: ModuleSpec(name=cmd_server, file=modules/cmd_server.jar, provider=JenkinsModuleSource())
[13:55:03] [main/INFO]: Discovered module: ModuleSpec(name=reconnect_yaml, file=modules/reconnect_yaml.jar, provider=JenkinsModuleSource())
[13:55:03] [main/INFO]: Loaded plugin reconnect_yaml version git:reconnect_yaml:1.19-R0.1-SNAPSHOT:f6069e2:513 by WaterfallMC
[13:55:03] [main/INFO]: Loaded plugin cmd_find version git:cmd_find:1.19-R0.1-SNAPSHOT:f6069e2:513 by WaterfallMC
[13:55:03] [main/INFO]: Loaded plugin cmd_server version git:cmd_server:1.19-R0.1-SNAPSHOT:f6069e2:513 by WaterfallMC
[13:55:03] [main/INFO]: Loaded plugin cmd_alert version git:cmd_alert:1.19-R0.1-SNAPSHOT:f6069e2:513 by WaterfallMC
[13:55:03] [main/INFO]: Loaded plugin cmd_send version git:cmd_send:1.19-R0.1-SNAPSHOT:f6069e2:513 by WaterfallMC
[13:55:03] [main/INFO]: Loaded plugin cmd_list version git:cmd_list:1.19-R0.1-SNAPSHOT:f6069e2:513 by WaterfallMC
[13:55:03] [main/WARN]: :>:>:>:>:>:>:>:>:>:>:>:>:>:>:>:>:>:>:>:>:>:>:>
[13:55:03] [main/WARN]: :>  
[13:55:03] [main/WARN]: :>      EAGLERCRAFTXBUNGEE WARNING:
[13:55:03] [main/WARN]: :>  
[13:55:03] [main/WARN]: :>  This plugin wasn't tested to be 'working'
[13:55:03] [main/WARN]: :>  with ANY version of BungeeCord (and forks)
[13:55:03] [main/WARN]: :>  apart from the versions listed below:
[13:55:03] [main/WARN]: :>  
[13:55:03] [main/WARN]: :>  - BungeeCord: 1.20-R0.3-SNAPSHOT:eda268b:1797
[13:55:03] [main/WARN]: :>  - Waterfall: 1.20-R0.2-SNAPSHOT:92b5149:562
[13:55:03] [main/WARN]: :>  - FlameCord: 1.1.1
[13:55:03] [main/WARN]: :>  
[13:55:03] [main/WARN]: :>  This is not a Bukkit/Spigot plugin!
[13:55:03] [main/WARN]: :>  
[13:55:03] [main/WARN]: :>  Use "-Deaglerxbungee.stfu=true" to hide
[13:55:03] [main/WARN]: :>  
[13:55:03] [main/WARN]: :>:>:>:>:>:>:>:>:>:>:>:>:>:>:>:>:>:>:>:>:>:>:>
[13:55:03] [main/INFO] [EaglercraftXBungee]: Loading vanilla profile: lax1dude
[13:55:05] [Skin Download Thread #1/INFO] [EaglercraftXBungee]: Loaded vanilla profile: lax1dude
[13:55:05] [main/INFO]: Loaded plugin EaglercraftXBungee version 1.0.10 by lax1dude
[13:55:05] [main/WARN]: Forced host server pvp is not defined
[13:55:05] [main/INFO]: Enabled plugin reconnect_yaml version git:reconnect_yaml:1.19-R0.1-SNAPSHOT:f6069e2:513 by WaterfallMC
[13:55:05] [main/INFO]: Enabled plugin cmd_find version git:cmd_find:1.19-R0.1-SNAPSHOT:f6069e2:513 by WaterfallMC
[13:55:05] [main/INFO]: Enabled plugin cmd_server version git:cmd_server:1.19-R0.1-SNAPSHOT:f6069e2:513 by WaterfallMC
[13:55:05] [main/INFO]: Enabled plugin cmd_alert version git:cmd_alert:1.19-R0.1-SNAPSHOT:f6069e2:513 by WaterfallMC
[13:55:05] [main/INFO]: Enabled plugin cmd_send version git:cmd_send:1.19-R0.1-SNAPSHOT:f6069e2:513 by WaterfallMC
[13:55:05] [main/INFO]: Enabled plugin cmd_list version git:cmd_list:1.19-R0.1-SNAPSHOT:f6069e2:513 by WaterfallMC
[13:55:05] [main/ERROR] [EaglercraftXBungee]: Online mode is set to false! Authentication system has been disabled
[13:55:05] [Netty Worker IO Thread #0/INFO] [EaglercraftXBungee]: Eaglercraft is listening on: /0.0.0.0:8081
[13:55:05] [main/INFO] [EaglercraftXBungee]: Connected to database: jdbc:sqlite:eaglercraft_skins_cache.db
[13:55:05] [main/INFO]: Enabled plugin EaglercraftXBungee version 1.0.10 by lax1dude
[13:55:05] [Netty Boss IO Thread #0/INFO]: Listening on /127.0.0.1:25577
[13:55:05] [EaglerXBungee: Network Tick Tasks/INFO] [EaglercraftXBungee]: Loaded certificate: /workspaces/server-test/bungee/plugins/EaglercraftXBungee/eagcert/$dl.24a1bafc15c675276968d78cdcb55a04992bddb0.cert
[13:55:26] [Netty Worker IO Thread #1/INFO] [EaglercraftXBungee]: [/[0:0:0:0:0:0:0:1%0]:41356]: Connected via websocket
[13:55:26] [Netty Worker IO Thread #1/INFO] [EaglercraftXBungee]: [/[0:0:0:0:0:0:0:1%0]:41356]: Origin header is null
[13:55:26] [Netty Worker IO Thread #1/INFO] [EaglercraftXBungee]: [/[0:0:0:0:0:0:0:1%0]:41356]: Logged in as 'Invincible_Atlas'
[13:55:26] [Netty Worker IO Thread #1/INFO]: [/[0:0:0:0:0:0:0:1%0]:41356|Invincible_Atlas] -> UpstreamBridge has connected
[13:55:26] [Netty Worker IO Thread #1/INFO]: [Invincible_Atlas|/[0:0:0:0:0:0:0:1%0]:41356] <-> ServerConnector [lobby] has connected
[14:38:56] [Netty Worker IO Thread #1/INFO]: [Invincible_Atlas] disconnected with: Server closed
[14:38:56] [Netty Worker IO Thread #1/INFO]: [/[0:0:0:0:0:0:0:1%0]:41356|Invincible_Atlas] -> UpstreamBridge has disconnected
[14:38:56] [Netty Worker IO Thread #1/INFO]: [/[0:0:0:0:0:0:0:1%0]:41356|Invincible_Atlas] <-> DownstreamBridge <-> [lobby] has disconnected
[14:39:00] [Shutdown Thread/INFO]: Closing listener [id: 0xfbb6d7b9, L:/127.0.0.1:25577]
[14:39:00] [Shutdown Thread/INFO]: Closing pending connections
[14:39:00] [Shutdown Thread/INFO]: Disconnecting 0 connections
[14:39:01] [Shutdown Thread/INFO]: Disabling plugins
[14:39:01] [Shutdown Thread/INFO] [EaglercraftXBungee]: Eaglercraft listener closed: /0.0.0.0:8081
[14:39:01] [Shutdown Thread/INFO] [EaglercraftXBungee]: Successfully disconnected from database 'jdbc:sqlite:eaglercraft_skins_cache.db'
[14:39:01] [Shutdown Thread/INFO] [EaglercraftXBungee]: Stopping skin cache HTTP client...
[14:39:03] [Shutdown Thread/INFO]: Closing IO threads
[14:39:05] [Shutdown Thread/INFO]: Thank you and goodbye
